<?xml version="1.0" encoding="UTF-8"?>
<!-- Generated by org.testng.reporters.JUnitReportReporter -->
<testsuite skipped="0" hostname="DESKTOP-K5LD16K" name="com.sample.selenium4.NewSeleniumFeatures2" tests="1" failures="0" timestamp="2020-04-21T13:10:38 IST" time="2.794" errors="0">
  <testcase name="relativeLocators" time="2.794" classname="com.sample.selenium4.NewSeleniumFeatures2"/>
</testsuite> <!-- com.sample.selenium4.NewSeleniumFeatures2 -->
