<?xml version="1.0" encoding="UTF-8"?>
<!-- Generated by org.testng.reporters.JUnitReportReporter -->
<testsuite skipped="0" hostname="DESKTOP-K5LD16K" name="com.sample.selenium4.NewSeleniumFeatures1" tests="4" failures="0" timestamp="2020-04-21T13:10:38 IST" time="15.041" errors="0">
  <testcase name="seleniumScreenShot" time="0.425" classname="com.sample.selenium4.NewSeleniumFeatures1"/>
  <testcase name="newTab" time="4.858" classname="com.sample.selenium4.NewSeleniumFeatures1"/>
  <testcase name="newWindow" time="8.529" classname="com.sample.selenium4.NewSeleniumFeatures1"/>
  <testcase name="locationOfElement" time="1.229" classname="com.sample.selenium4.NewSeleniumFeatures1"/>
</testsuite> <!-- com.sample.selenium4.NewSeleniumFeatures1 -->
