<?xml version="1.0" encoding="UTF-8"?>
<!-- Generated by org.testng.reporters.JUnitReportReporter -->
<testsuite hostname="JOSH-SWAPNILK" failures="0" tests="4" name="com.sample.selenium4.NewSeleniumFeatures1" time="6.335" errors="0" timestamp="2022-07-09T18:21:27 IST" skipped="0">
  <testcase classname="com.sample.selenium4.NewSeleniumFeatures1" name="seleniumScreenShot" time="0.212"/>
  <system-out/>
  <testcase classname="com.sample.selenium4.NewSeleniumFeatures1" name="newTab" time="2.678"/>
  <system-out/>
  <testcase classname="com.sample.selenium4.NewSeleniumFeatures1" name="newWindow" time="1.517"/>
  <system-out/>
  <testcase classname="com.sample.selenium4.NewSeleniumFeatures1" name="locationOfElement" time="1.928"/>
  <system-out/>
</testsuite> <!-- com.sample.selenium4.NewSeleniumFeatures1 -->
