<?xml version="1.0" encoding="UTF-8"?>
<!-- Generated by org.testng.reporters.JUnitReportReporter -->
<testsuite skipped="0" hostname="DESKTOP-K5LD16K" name="Test1" tests="1" failures="0" timestamp="2020-04-14T22:59:50 IST" time="0.014" errors="0">
  <testcase name="test" time="0.014" classname="Test1"/>
</testsuite> <!-- Test1 -->
