<?xml version="1.0" encoding="UTF-8"?>
<!-- Generated by org.testng.reporters.JUnitReportReporter -->
<testsuite skipped="0" hostname="DESKTOP-K5LD16K" name="com.sample.Test1" tests="5" failures="0" timestamp="2020-04-18T14:23:35 IST" time="0.387" errors="0">
  <testcase name="test" time="0.117" classname="com.sample.Test1"/>
  <testcase name="test" time="0.060" classname="com.sample.Test1"/>
  <testcase name="test" time="0.117" classname="com.sample.Test1"/>
  <testcase name="test" time="0.046" classname="com.sample.Test1"/>
  <testcase name="test" time="0.047" classname="com.sample.Test1"/>
</testsuite> <!-- com.sample.Test1 -->
