<?xml version="1.0" encoding="UTF-8"?>
<!-- Generated by org.testng.reporters.JUnitReportReporter -->
<testsuite skipped="0" hostname="DESKTOP-K5LD16K" name="com.sample.selenium4.NewSeleniumFeatures" tests="4" failures="0" timestamp="2020-04-19T12:57:11 IST" time="15.600" errors="0">
  <testcase name="seleniumScreenShot" time="0.401" classname="com.sample.selenium4.NewSeleniumFeatures"/>
  <testcase name="newTab" time="4.863" classname="com.sample.selenium4.NewSeleniumFeatures"/>
  <testcase name="newWindow" time="7.787" classname="com.sample.selenium4.NewSeleniumFeatures"/>
  <testcase name="locationOfElement" time="2.549" classname="com.sample.selenium4.NewSeleniumFeatures"/>
</testsuite> <!-- com.sample.selenium4.NewSeleniumFeatures -->
