<?xml version="1.0" encoding="UTF-8"?>
<!-- Generated by org.testng.reporters.JUnitReportReporter -->
<testsuite hostname="JOSH-SWAPNILK" failures="0" tests="1" name="com.sample.selenium4.NewSeleniumFeatures2" time="0.000" errors="0" timestamp="2022-07-09T18:17:40 IST" skipped="1">
  <testcase classname="com.sample.selenium4.NewSeleniumFeatures2" name="relativeLocators" time="0.000">
    <skipped/>
  </testcase> <!-- relativeLocators -->
  <system-out/>
</testsuite> <!-- com.sample.selenium4.NewSeleniumFeatures2 -->
